[2019-05-17 01:53:22] reptile_me.INFO: web is empty [] []
[2019-05-17 01:54:40] reptile_me.INFO: web is empty [] []
[2019-05-17 01:56:38] reptile_me.INFO: reptile list Link ["http://blog.chedushi.com/page/139"] []
[2019-05-17 01:56:39] reptile_me.INFO: reptile list success ["http://blog.chedushi.com/page/139"] []
[2019-05-17 01:56:39] reptile_me.INFO: reptile list Link ["http://blog.chedushi.com/page/138"] []
[2019-05-17 01:56:40] reptile_me.INFO: reptile list success ["http://blog.chedushi.com/page/138"] []
[2019-05-17 01:56:40] reptile_me.INFO: reptile list Link ["http://blog.chedushi.com/page/137"] []
[2019-05-17 01:56:41] reptile_me.INFO: reptile list success ["http://blog.chedushi.com/page/137"] []
[2019-05-17 01:56:41] reptile_me.INFO: reptile list Link ["http://blog.chedushi.com/page/136"] []
[2019-05-17 01:56:42] reptile_me.INFO: reptile list success ["http://blog.chedushi.com/page/136"] []
[2019-05-17 01:56:42] reptile_me.INFO: reptile list Link ["http://blog.chedushi.com/page/135"] []
[2019-05-17 01:56:43] reptile_me.INFO: reptile list success ["http://blog.chedushi.com/page/135"] []
[2019-05-17 01:56:43] reptile_me.INFO: reptile list Link ["http://blog.chedushi.com/page/134"] []
[2019-05-17 01:56:44] reptile_me.INFO: reptile list success ["http://blog.chedushi.com/page/134"] []
[2019-05-17 01:56:44] reptile_me.INFO: reptile list Link ["http://blog.chedushi.com/page/133"] []
[2019-05-17 01:56:45] reptile_me.INFO: reptile list success ["http://blog.chedushi.com/page/133"] []
[2019-05-17 01:56:45] reptile_me.INFO: reptile list Link ["http://blog.chedushi.com/page/132"] []
[2019-05-17 01:56:46] reptile_me.INFO: reptile list success ["http://blog.chedushi.com/page/132"] []
[2019-05-17 01:56:46] reptile_me.INFO: reptile list Link ["http://blog.chedushi.com/page/131"] []
[2019-05-17 01:56:47] reptile_me.INFO: reptile list success ["http://blog.chedushi.com/page/131"] []
[2019-05-17 01:56:47] reptile_me.INFO: reptile list Link ["http://blog.chedushi.com/page/130"] []
[2019-05-17 01:56:48] reptile_me.INFO: reptile list success ["http://blog.chedushi.com/page/130"] []
[2019-05-17 01:56:48] reptile_me.INFO: reptile list Link ["http://blog.chedushi.com/page/129"] []
[2019-05-17 01:56:49] reptile_me.INFO: reptile list success ["http://blog.chedushi.com/page/129"] []
[2019-05-17 01:56:49] reptile_me.INFO: reptile list Link ["http://blog.chedushi.com/page/128"] []
[2019-05-17 01:56:50] reptile_me.INFO: reptile list success ["http://blog.chedushi.com/page/128"] []
[2019-05-17 01:56:50] reptile_me.INFO: reptile list Link ["http://blog.chedushi.com/page/127"] []
[2019-05-17 01:56:51] reptile_me.INFO: reptile list success ["http://blog.chedushi.com/page/127"] []
[2019-05-17 01:56:51] reptile_me.INFO: reptile list Link ["http://blog.chedushi.com/page/126"] []
[2019-05-17 01:56:52] reptile_me.INFO: reptile list success ["http://blog.chedushi.com/page/126"] []
[2019-05-17 01:56:52] reptile_me.INFO: reptile list Link ["http://blog.chedushi.com/page/125"] []
[2019-05-17 01:56:53] reptile_me.INFO: reptile list success ["http://blog.chedushi.com/page/125"] []
[2019-05-17 01:56:53] reptile_me.INFO: reptile list Link ["http://blog.chedushi.com/page/124"] []
[2019-05-17 01:56:54] reptile_me.INFO: reptile list success ["http://blog.chedushi.com/page/124"] []
[2019-05-17 01:56:54] reptile_me.INFO: reptile list Link ["http://blog.chedushi.com/page/123"] []
[2019-05-17 01:56:55] reptile_me.INFO: reptile list success ["http://blog.chedushi.com/page/123"] []
[2019-05-17 01:56:55] reptile_me.INFO: reptile list Link ["http://blog.chedushi.com/page/122"] []
[2019-05-17 01:56:56] reptile_me.INFO: reptile list success ["http://blog.chedushi.com/page/122"] []
[2019-05-17 01:56:56] reptile_me.INFO: reptile list Link ["http://blog.chedushi.com/page/121"] []
[2019-05-17 01:56:57] reptile_me.INFO: reptile list success ["http://blog.chedushi.com/page/121"] []
[2019-05-17 01:56:57] reptile_me.INFO: reptile list Link ["http://blog.chedushi.com/page/120"] []
[2019-05-17 01:56:58] reptile_me.INFO: reptile list success ["http://blog.chedushi.com/page/120"] []
[2019-05-17 01:56:58] reptile_me.INFO: reptile list Link ["http://blog.chedushi.com/page/119"] []
[2019-05-17 01:57:00] reptile_me.INFO: reptile list success ["http://blog.chedushi.com/page/119"] []
[2019-05-17 01:57:00] reptile_me.INFO: reptile list Link ["http://blog.chedushi.com/page/118"] []
[2019-05-17 01:57:01] reptile_me.INFO: reptile list success ["http://blog.chedushi.com/page/118"] []
[2019-05-17 01:57:01] reptile_me.INFO: reptile list Link ["http://blog.chedushi.com/page/117"] []
[2019-05-17 01:57:02] reptile_me.INFO: reptile list success ["http://blog.chedushi.com/page/117"] []
[2019-05-17 01:57:02] reptile_me.INFO: reptile list Link ["http://blog.chedushi.com/page/116"] []
[2019-05-17 01:57:03] reptile_me.INFO: reptile list success ["http://blog.chedushi.com/page/116"] []
[2019-05-17 01:57:03] reptile_me.INFO: reptile list Link ["http://blog.chedushi.com/page/115"] []
[2019-05-17 01:57:04] reptile_me.INFO: reptile list success ["http://blog.chedushi.com/page/115"] []
[2019-05-17 01:57:04] reptile_me.INFO: reptile list Link ["http://blog.chedushi.com/page/114"] []
[2019-05-17 01:57:05] reptile_me.INFO: reptile list success ["http://blog.chedushi.com/page/114"] []
[2019-05-17 01:57:05] reptile_me.INFO: reptile list Link ["http://blog.chedushi.com/page/113"] []
[2019-05-17 01:57:06] reptile_me.INFO: reptile list success ["http://blog.chedushi.com/page/113"] []
[2019-05-17 01:57:06] reptile_me.INFO: reptile list Link ["http://blog.chedushi.com/page/112"] []
[2019-05-17 01:57:07] reptile_me.INFO: reptile list success ["http://blog.chedushi.com/page/112"] []
[2019-05-17 01:57:07] reptile_me.INFO: reptile list Link ["http://blog.chedushi.com/page/111"] []
[2019-05-17 01:57:08] reptile_me.INFO: reptile list success ["http://blog.chedushi.com/page/111"] []
[2019-05-17 01:57:08] reptile_me.INFO: reptile list Link ["http://blog.chedushi.com/page/110"] []
[2019-05-17 01:57:09] reptile_me.INFO: reptile list success ["http://blog.chedushi.com/page/110"] []
[2019-05-17 01:57:09] reptile_me.INFO: reptile list Link ["http://blog.chedushi.com/page/109"] []
[2019-05-17 01:57:10] reptile_me.INFO: reptile list success ["http://blog.chedushi.com/page/109"] []
[2019-05-17 01:57:10] reptile_me.INFO: reptile list Link ["http://blog.chedushi.com/page/108"] []
[2019-05-17 01:57:11] reptile_me.INFO: reptile list success ["http://blog.chedushi.com/page/108"] []
[2019-05-17 01:57:11] reptile_me.INFO: reptile list Link ["http://blog.chedushi.com/page/107"] []
[2019-05-17 01:57:12] reptile_me.INFO: reptile list success ["http://blog.chedushi.com/page/107"] []
[2019-05-17 01:57:12] reptile_me.INFO: reptile list Link ["http://blog.chedushi.com/page/106"] []
[2019-05-17 01:57:13] reptile_me.INFO: reptile list success ["http://blog.chedushi.com/page/106"] []
[2019-05-17 01:57:13] reptile_me.INFO: reptile list Link ["http://blog.chedushi.com/page/105"] []
[2019-05-17 01:57:14] reptile_me.INFO: reptile list success ["http://blog.chedushi.com/page/105"] []
[2019-05-17 01:57:14] reptile_me.INFO: reptile list Link ["http://blog.chedushi.com/page/104"] []
[2019-05-17 01:57:15] reptile_me.INFO: reptile list success ["http://blog.chedushi.com/page/104"] []
[2019-05-17 01:57:15] reptile_me.INFO: reptile list Link ["http://blog.chedushi.com/page/103"] []
[2019-05-17 01:57:16] reptile_me.INFO: reptile list success ["http://blog.chedushi.com/page/103"] []
[2019-05-17 01:57:16] reptile_me.INFO: reptile list Link ["http://blog.chedushi.com/page/102"] []
[2019-05-17 01:57:17] reptile_me.INFO: reptile list success ["http://blog.chedushi.com/page/102"] []
[2019-05-17 01:57:17] reptile_me.INFO: reptile list Link ["http://blog.chedushi.com/page/101"] []
[2019-05-17 01:57:18] reptile_me.INFO: reptile list success ["http://blog.chedushi.com/page/101"] []
[2019-05-17 01:57:18] reptile_me.INFO: reptile list Link ["http://blog.chedushi.com/page/100"] []
[2019-05-17 01:57:19] reptile_me.INFO: reptile list success ["http://blog.chedushi.com/page/100"] []
[2019-05-17 01:57:19] reptile_me.INFO: reptile list Link ["http://blog.chedushi.com/page/99"] []
[2019-05-17 01:57:20] reptile_me.INFO: reptile list success ["http://blog.chedushi.com/page/99"] []
[2019-05-17 01:57:20] reptile_me.INFO: reptile list Link ["http://blog.chedushi.com/page/98"] []
[2019-05-17 01:57:21] reptile_me.INFO: reptile list success ["http://blog.chedushi.com/page/98"] []
[2019-05-17 01:57:21] reptile_me.INFO: reptile list Link ["http://blog.chedushi.com/page/97"] []
[2019-05-17 01:57:22] reptile_me.INFO: reptile list success ["http://blog.chedushi.com/page/97"] []
[2019-05-17 01:57:22] reptile_me.INFO: reptile list Link ["http://blog.chedushi.com/page/96"] []
[2019-05-17 01:57:23] reptile_me.INFO: reptile list success ["http://blog.chedushi.com/page/96"] []
[2019-05-17 01:57:23] reptile_me.INFO: reptile list Link ["http://blog.chedushi.com/page/95"] []
[2019-05-17 01:57:24] reptile_me.INFO: reptile list success ["http://blog.chedushi.com/page/95"] []
[2019-05-17 01:57:24] reptile_me.INFO: reptile list Link ["http://blog.chedushi.com/page/94"] []
[2019-05-17 01:57:25] reptile_me.INFO: reptile list success ["http://blog.chedushi.com/page/94"] []
[2019-05-17 01:57:25] reptile_me.INFO: reptile list Link ["http://blog.chedushi.com/page/93"] []
[2019-05-17 01:57:26] reptile_me.INFO: reptile list success ["http://blog.chedushi.com/page/93"] []
[2019-05-17 01:57:26] reptile_me.INFO: reptile list Link ["http://blog.chedushi.com/page/92"] []
[2019-05-17 01:57:27] reptile_me.INFO: reptile list success ["http://blog.chedushi.com/page/92"] []
[2019-05-17 01:57:27] reptile_me.INFO: reptile list Link ["http://blog.chedushi.com/page/91"] []
[2019-05-17 01:57:28] reptile_me.INFO: reptile list success ["http://blog.chedushi.com/page/91"] []
[2019-05-17 01:57:28] reptile_me.INFO: reptile list Link ["http://blog.chedushi.com/page/90"] []
[2019-05-17 01:57:29] reptile_me.INFO: reptile list success ["http://blog.chedushi.com/page/90"] []
[2019-05-17 01:57:29] reptile_me.INFO: reptile list Link ["http://blog.chedushi.com/page/89"] []
[2019-05-17 01:57:30] reptile_me.INFO: reptile list success ["http://blog.chedushi.com/page/89"] []
[2019-05-17 01:57:30] reptile_me.INFO: reptile list Link ["http://blog.chedushi.com/page/88"] []
[2019-05-17 01:57:30] reptile_me.INFO: reptile list success ["http://blog.chedushi.com/page/88"] []
[2019-05-17 01:57:30] reptile_me.INFO: reptile list Link ["http://blog.chedushi.com/page/87"] []
[2019-05-17 01:57:32] reptile_me.INFO: reptile list success ["http://blog.chedushi.com/page/87"] []
[2019-05-17 01:57:32] reptile_me.INFO: reptile list Link ["http://blog.chedushi.com/page/86"] []
[2019-05-17 01:57:33] reptile_me.INFO: reptile list success ["http://blog.chedushi.com/page/86"] []
[2019-05-17 01:57:33] reptile_me.INFO: reptile list Link ["http://blog.chedushi.com/page/85"] []
[2019-05-17 01:57:34] reptile_me.INFO: reptile list success ["http://blog.chedushi.com/page/85"] []
[2019-05-17 01:57:34] reptile_me.INFO: reptile list Link ["http://blog.chedushi.com/page/84"] []
[2019-05-17 01:57:35] reptile_me.INFO: reptile list success ["http://blog.chedushi.com/page/84"] []
[2019-05-17 01:57:35] reptile_me.INFO: reptile list Link ["http://blog.chedushi.com/page/83"] []
[2019-05-17 01:57:36] reptile_me.INFO: reptile list success ["http://blog.chedushi.com/page/83"] []
[2019-05-17 01:57:36] reptile_me.INFO: reptile list Link ["http://blog.chedushi.com/page/82"] []
[2019-05-17 01:57:37] reptile_me.INFO: reptile list success ["http://blog.chedushi.com/page/82"] []
[2019-05-17 01:57:37] reptile_me.INFO: reptile list Link ["http://blog.chedushi.com/page/81"] []
[2019-05-17 01:57:38] reptile_me.INFO: reptile list success ["http://blog.chedushi.com/page/81"] []
[2019-05-17 01:57:38] reptile_me.INFO: reptile list Link ["http://blog.chedushi.com/page/80"] []
[2019-05-17 01:57:39] reptile_me.INFO: reptile list success ["http://blog.chedushi.com/page/80"] []
[2019-05-17 01:57:39] reptile_me.INFO: reptile list Link ["http://blog.chedushi.com/page/79"] []
[2019-05-17 01:57:40] reptile_me.INFO: reptile list success ["http://blog.chedushi.com/page/79"] []
[2019-05-17 01:57:40] reptile_me.INFO: reptile list Link ["http://blog.chedushi.com/page/78"] []
[2019-05-17 01:57:41] reptile_me.INFO: reptile list success ["http://blog.chedushi.com/page/78"] []
[2019-05-17 01:57:41] reptile_me.INFO: reptile list Link ["http://blog.chedushi.com/page/77"] []
[2019-05-17 01:57:42] reptile_me.INFO: reptile list success ["http://blog.chedushi.com/page/77"] []
[2019-05-17 01:57:42] reptile_me.INFO: reptile list Link ["http://blog.chedushi.com/page/76"] []
[2019-05-17 01:57:43] reptile_me.INFO: reptile list success ["http://blog.chedushi.com/page/76"] []
[2019-05-17 01:57:43] reptile_me.INFO: reptile list Link ["http://blog.chedushi.com/page/75"] []
[2019-05-17 01:57:44] reptile_me.INFO: reptile list success ["http://blog.chedushi.com/page/75"] []
[2019-05-17 01:57:44] reptile_me.INFO: reptile list Link ["http://blog.chedushi.com/page/74"] []
[2019-05-17 01:57:45] reptile_me.INFO: reptile list success ["http://blog.chedushi.com/page/74"] []
[2019-05-17 01:57:45] reptile_me.INFO: reptile list Link ["http://blog.chedushi.com/page/73"] []
[2019-05-17 01:57:46] reptile_me.INFO: reptile list success ["http://blog.chedushi.com/page/73"] []
[2019-05-17 01:57:46] reptile_me.INFO: reptile list Link ["http://blog.chedushi.com/page/72"] []
[2019-05-17 01:57:46] reptile_me.ERROR: reptile HTML errorhttp://blog.chedushi.com/page/72 ["Client error: `GET http://blog.chedushi.com/page/72` resulted in a `403 Forbidden` response:\n<html>\n    <head>\n        <style>body{background-color:#ababab}</style>\n        <script language=\"javascript\" type=\"text (truncated...)\n"] []
[2019-05-17 01:57:46] reptile_me.INFO: reptile list Link ["http://blog.chedushi.com/page/71"] []
[2019-05-17 01:57:48] reptile_me.INFO: reptile list success ["http://blog.chedushi.com/page/71"] []
[2019-05-17 01:57:48] reptile_me.INFO: reptile list Link ["http://blog.chedushi.com/page/70"] []
[2019-05-17 01:57:49] reptile_me.INFO: reptile list success ["http://blog.chedushi.com/page/70"] []
[2019-05-17 01:57:49] reptile_me.INFO: reptile list Link ["http://blog.chedushi.com/page/69"] []
[2019-05-17 01:57:50] reptile_me.INFO: reptile list success ["http://blog.chedushi.com/page/69"] []
[2019-05-17 01:57:50] reptile_me.INFO: reptile list Link ["http://blog.chedushi.com/page/68"] []
[2019-05-17 01:57:50] reptile_me.INFO: reptile list success ["http://blog.chedushi.com/page/68"] []
[2019-05-17 01:57:50] reptile_me.INFO: reptile list Link ["http://blog.chedushi.com/page/67"] []
[2019-05-17 01:57:51] reptile_me.INFO: reptile list success ["http://blog.chedushi.com/page/67"] []
[2019-05-17 01:57:51] reptile_me.INFO: reptile list Link ["http://blog.chedushi.com/page/66"] []
[2019-05-17 01:57:52] reptile_me.INFO: reptile list success ["http://blog.chedushi.com/page/66"] []
[2019-05-17 01:57:52] reptile_me.INFO: reptile list Link ["http://blog.chedushi.com/page/65"] []
[2019-05-17 01:57:53] reptile_me.INFO: reptile list success ["http://blog.chedushi.com/page/65"] []
[2019-05-17 01:57:53] reptile_me.INFO: reptile list Link ["http://blog.chedushi.com/page/64"] []
[2019-05-17 01:57:54] reptile_me.INFO: reptile list success ["http://blog.chedushi.com/page/64"] []
[2019-05-17 01:57:54] reptile_me.INFO: reptile list Link ["http://blog.chedushi.com/page/63"] []
[2019-05-17 01:57:55] reptile_me.INFO: reptile list success ["http://blog.chedushi.com/page/63"] []
[2019-05-17 01:57:55] reptile_me.INFO: reptile list Link ["http://blog.chedushi.com/page/62"] []
[2019-05-17 01:57:56] reptile_me.INFO: reptile list success ["http://blog.chedushi.com/page/62"] []
[2019-05-17 01:57:56] reptile_me.INFO: reptile list Link ["http://blog.chedushi.com/page/61"] []
[2019-05-17 01:57:57] reptile_me.INFO: reptile list success ["http://blog.chedushi.com/page/61"] []
[2019-05-17 01:57:57] reptile_me.INFO: reptile list Link ["http://blog.chedushi.com/page/60"] []
[2019-05-17 01:57:58] reptile_me.INFO: reptile list success ["http://blog.chedushi.com/page/60"] []
[2019-05-17 01:57:58] reptile_me.INFO: reptile list Link ["http://blog.chedushi.com/page/59"] []
[2019-05-17 01:57:59] reptile_me.INFO: reptile list success ["http://blog.chedushi.com/page/59"] []
[2019-05-17 01:57:59] reptile_me.INFO: reptile list Link ["http://blog.chedushi.com/page/58"] []
[2019-05-17 01:57:59] reptile_me.INFO: reptile list success ["http://blog.chedushi.com/page/58"] []
[2019-05-17 01:57:59] reptile_me.INFO: reptile list Link ["http://blog.chedushi.com/page/57"] []
[2019-05-17 01:58:01] reptile_me.INFO: reptile list success ["http://blog.chedushi.com/page/57"] []
[2019-05-17 01:58:01] reptile_me.INFO: reptile list Link ["http://blog.chedushi.com/page/56"] []
[2019-05-17 01:58:01] reptile_me.INFO: reptile list success ["http://blog.chedushi.com/page/56"] []
[2019-05-17 01:58:01] reptile_me.INFO: reptile list Link ["http://blog.chedushi.com/page/55"] []
[2019-05-17 01:58:03] reptile_me.INFO: reptile list success ["http://blog.chedushi.com/page/55"] []
[2019-05-17 01:58:03] reptile_me.INFO: reptile list Link ["http://blog.chedushi.com/page/54"] []
[2019-05-17 01:58:04] reptile_me.INFO: reptile list success ["http://blog.chedushi.com/page/54"] []
[2019-05-17 01:58:04] reptile_me.INFO: reptile list Link ["http://blog.chedushi.com/page/53"] []
[2019-05-17 01:58:06] reptile_me.INFO: reptile list success ["http://blog.chedushi.com/page/53"] []
[2019-05-17 01:58:06] reptile_me.INFO: reptile list Link ["http://blog.chedushi.com/page/52"] []
[2019-05-17 01:58:07] reptile_me.INFO: reptile list success ["http://blog.chedushi.com/page/52"] []
[2019-05-17 01:58:07] reptile_me.INFO: reptile list Link ["http://blog.chedushi.com/page/51"] []
[2019-05-17 01:58:08] reptile_me.INFO: reptile list success ["http://blog.chedushi.com/page/51"] []
[2019-05-17 01:58:08] reptile_me.INFO: reptile list Link ["http://blog.chedushi.com/page/50"] []
[2019-05-17 01:58:08] reptile_me.INFO: reptile list success ["http://blog.chedushi.com/page/50"] []
[2019-05-17 01:58:08] reptile_me.INFO: reptile list Link ["http://blog.chedushi.com/page/49"] []
[2019-05-17 01:58:09] reptile_me.INFO: reptile list success ["http://blog.chedushi.com/page/49"] []
[2019-05-17 01:58:09] reptile_me.INFO: reptile list Link ["http://blog.chedushi.com/page/48"] []
[2019-05-17 01:58:10] reptile_me.INFO: reptile list success ["http://blog.chedushi.com/page/48"] []
[2019-05-17 01:58:10] reptile_me.INFO: reptile list Link ["http://blog.chedushi.com/page/47"] []
[2019-05-17 01:58:11] reptile_me.INFO: reptile list success ["http://blog.chedushi.com/page/47"] []
[2019-05-17 01:58:11] reptile_me.INFO: reptile list Link ["http://blog.chedushi.com/page/46"] []
[2019-05-17 01:58:12] reptile_me.INFO: reptile list success ["http://blog.chedushi.com/page/46"] []
[2019-05-17 01:58:12] reptile_me.INFO: reptile list Link ["http://blog.chedushi.com/page/45"] []
[2019-05-17 01:58:13] reptile_me.INFO: reptile list success ["http://blog.chedushi.com/page/45"] []
[2019-05-17 01:58:13] reptile_me.INFO: reptile list Link ["http://blog.chedushi.com/page/44"] []
[2019-05-17 01:58:14] reptile_me.INFO: reptile list success ["http://blog.chedushi.com/page/44"] []
[2019-05-17 01:58:14] reptile_me.INFO: reptile list Link ["http://blog.chedushi.com/page/43"] []
[2019-05-17 01:58:15] reptile_me.INFO: reptile list success ["http://blog.chedushi.com/page/43"] []
[2019-05-17 01:58:15] reptile_me.INFO: reptile list Link ["http://blog.chedushi.com/page/42"] []
[2019-05-17 01:58:16] reptile_me.INFO: reptile list success ["http://blog.chedushi.com/page/42"] []
[2019-05-17 01:58:16] reptile_me.INFO: reptile list Link ["http://blog.chedushi.com/page/41"] []
[2019-05-17 01:58:17] reptile_me.INFO: reptile list success ["http://blog.chedushi.com/page/41"] []
[2019-05-17 01:58:17] reptile_me.INFO: reptile list Link ["http://blog.chedushi.com/page/40"] []
[2019-05-17 01:58:18] reptile_me.INFO: reptile list success ["http://blog.chedushi.com/page/40"] []
[2019-05-17 01:58:18] reptile_me.INFO: reptile list Link ["http://blog.chedushi.com/page/39"] []
[2019-05-17 01:58:19] reptile_me.INFO: reptile list success ["http://blog.chedushi.com/page/39"] []
[2019-05-17 01:58:19] reptile_me.INFO: reptile list Link ["http://blog.chedushi.com/page/38"] []
[2019-05-17 01:58:20] reptile_me.INFO: reptile list success ["http://blog.chedushi.com/page/38"] []
[2019-05-17 01:58:20] reptile_me.INFO: reptile list Link ["http://blog.chedushi.com/page/37"] []
[2019-05-17 01:58:21] reptile_me.INFO: reptile list success ["http://blog.chedushi.com/page/37"] []
[2019-05-17 01:58:21] reptile_me.INFO: reptile list Link ["http://blog.chedushi.com/page/36"] []
[2019-05-17 01:58:22] reptile_me.INFO: reptile list success ["http://blog.chedushi.com/page/36"] []
[2019-05-17 01:58:22] reptile_me.INFO: reptile list Link ["http://blog.chedushi.com/page/35"] []
[2019-05-17 01:58:23] reptile_me.INFO: reptile list success ["http://blog.chedushi.com/page/35"] []
[2019-05-17 01:58:23] reptile_me.INFO: reptile list Link ["http://blog.chedushi.com/page/34"] []
[2019-05-17 01:58:24] reptile_me.INFO: reptile list success ["http://blog.chedushi.com/page/34"] []
[2019-05-17 01:58:24] reptile_me.INFO: reptile list Link ["http://blog.chedushi.com/page/33"] []
[2019-05-17 01:58:25] reptile_me.INFO: reptile list success ["http://blog.chedushi.com/page/33"] []
[2019-05-17 01:58:25] reptile_me.INFO: reptile list Link ["http://blog.chedushi.com/page/32"] []
[2019-05-17 01:58:27] reptile_me.INFO: reptile list success ["http://blog.chedushi.com/page/32"] []
[2019-05-17 01:58:27] reptile_me.INFO: reptile list Link ["http://blog.chedushi.com/page/31"] []
[2019-05-17 01:58:28] reptile_me.INFO: reptile list success ["http://blog.chedushi.com/page/31"] []
[2019-05-17 01:58:28] reptile_me.INFO: reptile list Link ["http://blog.chedushi.com/page/30"] []
[2019-05-17 01:58:29] reptile_me.INFO: reptile list success ["http://blog.chedushi.com/page/30"] []
[2019-05-17 01:58:29] reptile_me.INFO: reptile list Link ["http://blog.chedushi.com/page/29"] []
[2019-05-17 01:58:30] reptile_me.INFO: reptile list success ["http://blog.chedushi.com/page/29"] []
[2019-05-17 01:58:30] reptile_me.INFO: reptile list Link ["http://blog.chedushi.com/page/28"] []
[2019-05-17 01:58:32] reptile_me.INFO: reptile list success ["http://blog.chedushi.com/page/28"] []
[2019-05-17 01:58:32] reptile_me.INFO: reptile list Link ["http://blog.chedushi.com/page/27"] []
[2019-05-17 01:58:33] reptile_me.INFO: reptile list success ["http://blog.chedushi.com/page/27"] []
[2019-05-17 01:58:33] reptile_me.INFO: reptile list Link ["http://blog.chedushi.com/page/26"] []
[2019-05-17 01:58:34] reptile_me.INFO: reptile list success ["http://blog.chedushi.com/page/26"] []
[2019-05-17 01:58:34] reptile_me.INFO: reptile list Link ["http://blog.chedushi.com/page/25"] []
[2019-05-17 01:58:35] reptile_me.INFO: reptile list success ["http://blog.chedushi.com/page/25"] []
[2019-05-17 01:58:35] reptile_me.INFO: reptile list Link ["http://blog.chedushi.com/page/24"] []
[2019-05-17 01:58:36] reptile_me.INFO: reptile list success ["http://blog.chedushi.com/page/24"] []
[2019-05-17 01:58:36] reptile_me.INFO: reptile list Link ["http://blog.chedushi.com/page/23"] []
[2019-05-17 01:58:37] reptile_me.INFO: reptile list success ["http://blog.chedushi.com/page/23"] []
[2019-05-17 01:58:37] reptile_me.INFO: reptile list Link ["http://blog.chedushi.com/page/22"] []
[2019-05-17 01:58:38] reptile_me.INFO: reptile list success ["http://blog.chedushi.com/page/22"] []
[2019-05-17 01:58:38] reptile_me.INFO: reptile list Link ["http://blog.chedushi.com/page/21"] []
[2019-05-17 01:58:39] reptile_me.INFO: reptile list success ["http://blog.chedushi.com/page/21"] []
[2019-05-17 01:58:39] reptile_me.INFO: reptile list Link ["http://blog.chedushi.com/page/20"] []
[2019-05-17 01:58:40] reptile_me.INFO: reptile list success ["http://blog.chedushi.com/page/20"] []
[2019-05-17 01:58:40] reptile_me.INFO: reptile list Link ["http://blog.chedushi.com/page/19"] []
[2019-05-17 01:58:41] reptile_me.INFO: reptile list success ["http://blog.chedushi.com/page/19"] []
[2019-05-17 01:58:41] reptile_me.INFO: reptile list Link ["http://blog.chedushi.com/page/18"] []
[2019-05-17 01:58:42] reptile_me.INFO: reptile list success ["http://blog.chedushi.com/page/18"] []
[2019-05-17 01:58:42] reptile_me.INFO: reptile list Link ["http://blog.chedushi.com/page/17"] []
[2019-05-17 01:58:43] reptile_me.INFO: reptile list success ["http://blog.chedushi.com/page/17"] []
[2019-05-17 01:58:43] reptile_me.INFO: reptile list Link ["http://blog.chedushi.com/page/16"] []
[2019-05-17 01:58:44] reptile_me.INFO: reptile list success ["http://blog.chedushi.com/page/16"] []
[2019-05-17 01:58:44] reptile_me.INFO: reptile list Link ["http://blog.chedushi.com/page/15"] []
[2019-05-17 01:58:46] reptile_me.INFO: reptile list success ["http://blog.chedushi.com/page/15"] []
[2019-05-17 01:58:46] reptile_me.INFO: reptile list Link ["http://blog.chedushi.com/page/14"] []
[2019-05-17 01:58:47] reptile_me.INFO: reptile list success ["http://blog.chedushi.com/page/14"] []
[2019-05-17 01:58:47] reptile_me.INFO: reptile list Link ["http://blog.chedushi.com/page/13"] []
[2019-05-17 01:58:48] reptile_me.INFO: reptile list success ["http://blog.chedushi.com/page/13"] []
[2019-05-17 01:58:48] reptile_me.INFO: reptile list Link ["http://blog.chedushi.com/page/12"] []
[2019-05-17 01:58:50] reptile_me.INFO: reptile list success ["http://blog.chedushi.com/page/12"] []
[2019-05-17 01:58:50] reptile_me.INFO: reptile list Link ["http://blog.chedushi.com/page/11"] []
[2019-05-17 01:58:51] reptile_me.INFO: reptile list success ["http://blog.chedushi.com/page/11"] []
[2019-05-17 01:58:51] reptile_me.INFO: reptile list Link ["http://blog.chedushi.com/page/10"] []
[2019-05-17 01:58:52] reptile_me.INFO: reptile list success ["http://blog.chedushi.com/page/10"] []
[2019-05-17 01:58:52] reptile_me.INFO: reptile list Link ["http://blog.chedushi.com/page/9"] []
[2019-05-17 01:58:53] reptile_me.INFO: reptile list success ["http://blog.chedushi.com/page/9"] []
[2019-05-17 01:58:53] reptile_me.INFO: reptile list Link ["http://blog.chedushi.com/page/8"] []
[2019-05-17 01:58:55] reptile_me.INFO: reptile list success ["http://blog.chedushi.com/page/8"] []
[2019-05-17 01:58:55] reptile_me.INFO: reptile list Link ["http://blog.chedushi.com/page/7"] []
[2019-05-17 01:58:56] reptile_me.INFO: reptile list success ["http://blog.chedushi.com/page/7"] []
[2019-05-17 01:58:56] reptile_me.INFO: reptile list Link ["http://blog.chedushi.com/page/6"] []
[2019-05-17 01:58:58] reptile_me.INFO: reptile list success ["http://blog.chedushi.com/page/6"] []
[2019-05-17 01:58:58] reptile_me.INFO: reptile list Link ["http://blog.chedushi.com/page/5"] []
[2019-05-17 01:58:59] reptile_me.INFO: reptile list success ["http://blog.chedushi.com/page/5"] []
[2019-05-17 01:58:59] reptile_me.INFO: reptile list Link ["http://blog.chedushi.com/page/4"] []
[2019-05-17 01:59:00] reptile_me.INFO: reptile list success ["http://blog.chedushi.com/page/4"] []
[2019-05-17 01:59:00] reptile_me.INFO: reptile list Link ["http://blog.chedushi.com/page/3"] []
[2019-05-17 01:59:02] reptile_me.INFO: reptile list success ["http://blog.chedushi.com/page/3"] []
[2019-05-17 01:59:02] reptile_me.INFO: reptile list Link ["http://blog.chedushi.com/page/2"] []
[2019-05-17 01:59:03] reptile_me.INFO: reptile list success ["http://blog.chedushi.com/page/2"] []
[2019-05-17 01:59:03] reptile_me.INFO: reptile list Link ["http://blog.chedushi.com/page/1"] []
[2019-05-17 01:59:04] reptile_me.INFO: reptile list success ["http://blog.chedushi.com/page/1"] []
[2019-05-17 01:59:04] reptile_me.INFO: reptile list All success [] []
