[2019-05-16 02:59:19] reptile_me.INFO: reptile list Link ["http://blog.chedushi.com/page/139"] []
[2019-05-16 02:59:20] reptile_me.INFO: reptile list success ["http://blog.chedushi.com/page/139"] []
[2019-05-16 02:59:20] reptile_me.INFO: reptile list Link ["http://blog.chedushi.com/page/138"] []
[2019-05-16 02:59:21] reptile_me.INFO: reptile list success ["http://blog.chedushi.com/page/138"] []
[2019-05-16 02:59:21] reptile_me.INFO: reptile list Link ["http://blog.chedushi.com/page/137"] []
[2019-05-16 02:59:22] reptile_me.INFO: reptile list success ["http://blog.chedushi.com/page/137"] []
[2019-05-16 02:59:22] reptile_me.INFO: reptile list Link ["http://blog.chedushi.com/page/136"] []
[2019-05-16 02:59:23] reptile_me.INFO: reptile list success ["http://blog.chedushi.com/page/136"] []
[2019-05-16 02:59:23] reptile_me.INFO: reptile list Link ["http://blog.chedushi.com/page/135"] []
[2019-05-16 02:59:24] reptile_me.INFO: reptile list success ["http://blog.chedushi.com/page/135"] []
[2019-05-16 02:59:24] reptile_me.INFO: reptile list Link ["http://blog.chedushi.com/page/134"] []
[2019-05-16 02:59:25] reptile_me.INFO: reptile list success ["http://blog.chedushi.com/page/134"] []
[2019-05-16 02:59:25] reptile_me.INFO: reptile list Link ["http://blog.chedushi.com/page/133"] []
[2019-05-16 02:59:26] reptile_me.INFO: reptile list success ["http://blog.chedushi.com/page/133"] []
[2019-05-16 02:59:26] reptile_me.INFO: reptile list Link ["http://blog.chedushi.com/page/132"] []
[2019-05-16 02:59:27] reptile_me.INFO: reptile list success ["http://blog.chedushi.com/page/132"] []
[2019-05-16 02:59:27] reptile_me.INFO: reptile list Link ["http://blog.chedushi.com/page/131"] []
[2019-05-16 02:59:29] reptile_me.INFO: reptile list success ["http://blog.chedushi.com/page/131"] []
[2019-05-16 02:59:29] reptile_me.INFO: reptile list Link ["http://blog.chedushi.com/page/130"] []
[2019-05-16 02:59:31] reptile_me.INFO: reptile list success ["http://blog.chedushi.com/page/130"] []
[2019-05-16 02:59:31] reptile_me.INFO: reptile list Link ["http://blog.chedushi.com/page/129"] []
[2019-05-16 02:59:33] reptile_me.INFO: reptile list success ["http://blog.chedushi.com/page/129"] []
[2019-05-16 02:59:33] reptile_me.INFO: reptile list Link ["http://blog.chedushi.com/page/128"] []
[2019-05-16 02:59:35] reptile_me.INFO: reptile list success ["http://blog.chedushi.com/page/128"] []
[2019-05-16 02:59:35] reptile_me.INFO: reptile list Link ["http://blog.chedushi.com/page/127"] []
[2019-05-16 02:59:37] reptile_me.INFO: reptile list success ["http://blog.chedushi.com/page/127"] []
[2019-05-16 02:59:37] reptile_me.INFO: reptile list Link ["http://blog.chedushi.com/page/126"] []
[2019-05-16 02:59:38] reptile_me.INFO: reptile list success ["http://blog.chedushi.com/page/126"] []
[2019-05-16 02:59:38] reptile_me.INFO: reptile list Link ["http://blog.chedushi.com/page/125"] []
[2019-05-16 02:59:41] reptile_me.INFO: reptile list success ["http://blog.chedushi.com/page/125"] []
[2019-05-16 02:59:41] reptile_me.INFO: reptile list Link ["http://blog.chedushi.com/page/124"] []
[2019-05-16 02:59:42] reptile_me.INFO: reptile list success ["http://blog.chedushi.com/page/124"] []
[2019-05-16 02:59:42] reptile_me.INFO: reptile list Link ["http://blog.chedushi.com/page/123"] []
[2019-05-16 02:59:43] reptile_me.INFO: reptile list success ["http://blog.chedushi.com/page/123"] []
[2019-05-16 02:59:43] reptile_me.INFO: reptile list Link ["http://blog.chedushi.com/page/122"] []
[2019-05-16 02:59:44] reptile_me.INFO: reptile list success ["http://blog.chedushi.com/page/122"] []
[2019-05-16 02:59:44] reptile_me.INFO: reptile list Link ["http://blog.chedushi.com/page/121"] []
[2019-05-16 02:59:46] reptile_me.INFO: reptile list success ["http://blog.chedushi.com/page/121"] []
[2019-05-16 02:59:46] reptile_me.INFO: reptile list Link ["http://blog.chedushi.com/page/120"] []
[2019-05-16 02:59:47] reptile_me.INFO: reptile list success ["http://blog.chedushi.com/page/120"] []
[2019-05-16 02:59:47] reptile_me.INFO: reptile list Link ["http://blog.chedushi.com/page/119"] []
[2019-05-16 02:59:48] reptile_me.INFO: reptile list success ["http://blog.chedushi.com/page/119"] []
[2019-05-16 02:59:48] reptile_me.INFO: reptile list Link ["http://blog.chedushi.com/page/118"] []
[2019-05-16 02:59:49] reptile_me.INFO: reptile list success ["http://blog.chedushi.com/page/118"] []
[2019-05-16 02:59:49] reptile_me.INFO: reptile list Link ["http://blog.chedushi.com/page/117"] []
[2019-05-16 02:59:50] reptile_me.INFO: reptile list success ["http://blog.chedushi.com/page/117"] []
[2019-05-16 02:59:50] reptile_me.INFO: reptile list Link ["http://blog.chedushi.com/page/116"] []
[2019-05-16 02:59:51] reptile_me.INFO: reptile list success ["http://blog.chedushi.com/page/116"] []
[2019-05-16 02:59:51] reptile_me.INFO: reptile list Link ["http://blog.chedushi.com/page/115"] []
[2019-05-16 02:59:54] reptile_me.INFO: reptile list success ["http://blog.chedushi.com/page/115"] []
[2019-05-16 02:59:54] reptile_me.INFO: reptile list Link ["http://blog.chedushi.com/page/114"] []
[2019-05-16 02:59:56] reptile_me.INFO: reptile list success ["http://blog.chedushi.com/page/114"] []
[2019-05-16 02:59:56] reptile_me.INFO: reptile list Link ["http://blog.chedushi.com/page/113"] []
[2019-05-16 02:59:58] reptile_me.INFO: reptile list success ["http://blog.chedushi.com/page/113"] []
[2019-05-16 02:59:58] reptile_me.INFO: reptile list Link ["http://blog.chedushi.com/page/112"] []
[2019-05-16 03:00:00] reptile_me.INFO: reptile list success ["http://blog.chedushi.com/page/112"] []
[2019-05-16 03:00:00] reptile_me.INFO: reptile list Link ["http://blog.chedushi.com/page/111"] []
[2019-05-16 03:00:02] reptile_me.INFO: reptile list success ["http://blog.chedushi.com/page/111"] []
[2019-05-16 03:00:02] reptile_me.INFO: reptile list Link ["http://blog.chedushi.com/page/110"] []
[2019-05-16 03:00:03] reptile_me.INFO: reptile list success ["http://blog.chedushi.com/page/110"] []
[2019-05-16 03:00:03] reptile_me.INFO: reptile list Link ["http://blog.chedushi.com/page/109"] []
[2019-05-16 03:00:05] reptile_me.INFO: reptile list success ["http://blog.chedushi.com/page/109"] []
[2019-05-16 03:00:05] reptile_me.INFO: reptile list Link ["http://blog.chedushi.com/page/108"] []
[2019-05-16 03:00:08] reptile_me.INFO: reptile list success ["http://blog.chedushi.com/page/108"] []
[2019-05-16 03:00:08] reptile_me.INFO: reptile list Link ["http://blog.chedushi.com/page/107"] []
[2019-05-16 03:00:09] reptile_me.INFO: reptile list success ["http://blog.chedushi.com/page/107"] []
[2019-05-16 03:00:09] reptile_me.INFO: reptile list Link ["http://blog.chedushi.com/page/106"] []
[2019-05-16 03:00:11] reptile_me.INFO: reptile list success ["http://blog.chedushi.com/page/106"] []
[2019-05-16 03:00:11] reptile_me.INFO: reptile list Link ["http://blog.chedushi.com/page/105"] []
[2019-05-16 03:00:12] reptile_me.INFO: reptile list success ["http://blog.chedushi.com/page/105"] []
[2019-05-16 03:00:12] reptile_me.INFO: reptile list Link ["http://blog.chedushi.com/page/104"] []
[2019-05-16 03:00:14] reptile_me.INFO: reptile list success ["http://blog.chedushi.com/page/104"] []
[2019-05-16 03:00:14] reptile_me.INFO: reptile list Link ["http://blog.chedushi.com/page/103"] []
[2019-05-16 03:00:15] reptile_me.INFO: reptile list success ["http://blog.chedushi.com/page/103"] []
[2019-05-16 03:00:15] reptile_me.INFO: reptile list Link ["http://blog.chedushi.com/page/102"] []
[2019-05-16 03:00:17] reptile_me.INFO: reptile list success ["http://blog.chedushi.com/page/102"] []
[2019-05-16 03:00:17] reptile_me.INFO: reptile list Link ["http://blog.chedushi.com/page/101"] []
[2019-05-16 03:00:19] reptile_me.INFO: reptile list success ["http://blog.chedushi.com/page/101"] []
[2019-05-16 03:00:19] reptile_me.INFO: reptile list Link ["http://blog.chedushi.com/page/100"] []
[2019-05-16 03:00:21] reptile_me.INFO: reptile list success ["http://blog.chedushi.com/page/100"] []
[2019-05-16 03:00:21] reptile_me.INFO: reptile list Link ["http://blog.chedushi.com/page/99"] []
[2019-05-16 03:00:22] reptile_me.INFO: reptile list success ["http://blog.chedushi.com/page/99"] []
[2019-05-16 03:00:22] reptile_me.INFO: reptile list Link ["http://blog.chedushi.com/page/98"] []
[2019-05-16 03:00:23] reptile_me.INFO: reptile list success ["http://blog.chedushi.com/page/98"] []
[2019-05-16 03:00:23] reptile_me.INFO: reptile list Link ["http://blog.chedushi.com/page/97"] []
[2019-05-16 03:00:24] reptile_me.INFO: reptile list success ["http://blog.chedushi.com/page/97"] []
[2019-05-16 03:00:24] reptile_me.INFO: reptile list Link ["http://blog.chedushi.com/page/96"] []
[2019-05-16 03:00:25] reptile_me.INFO: reptile list success ["http://blog.chedushi.com/page/96"] []
[2019-05-16 03:00:25] reptile_me.INFO: reptile list Link ["http://blog.chedushi.com/page/95"] []
[2019-05-16 03:00:26] reptile_me.INFO: reptile list success ["http://blog.chedushi.com/page/95"] []
[2019-05-16 03:00:26] reptile_me.INFO: reptile list Link ["http://blog.chedushi.com/page/94"] []
[2019-05-16 03:00:27] reptile_me.INFO: reptile list success ["http://blog.chedushi.com/page/94"] []
[2019-05-16 03:00:27] reptile_me.INFO: reptile list Link ["http://blog.chedushi.com/page/93"] []
[2019-05-16 03:00:29] reptile_me.INFO: reptile list success ["http://blog.chedushi.com/page/93"] []
[2019-05-16 03:00:29] reptile_me.INFO: reptile list Link ["http://blog.chedushi.com/page/92"] []
[2019-05-16 03:00:31] reptile_me.INFO: reptile list success ["http://blog.chedushi.com/page/92"] []
[2019-05-16 03:00:31] reptile_me.INFO: reptile list Link ["http://blog.chedushi.com/page/91"] []
[2019-05-16 03:00:32] reptile_me.INFO: reptile list success ["http://blog.chedushi.com/page/91"] []
[2019-05-16 03:00:32] reptile_me.INFO: reptile list Link ["http://blog.chedushi.com/page/90"] []
[2019-05-16 03:00:33] reptile_me.INFO: reptile list success ["http://blog.chedushi.com/page/90"] []
[2019-05-16 03:00:33] reptile_me.INFO: reptile list Link ["http://blog.chedushi.com/page/89"] []
[2019-05-16 03:00:34] reptile_me.INFO: reptile list success ["http://blog.chedushi.com/page/89"] []
[2019-05-16 03:00:34] reptile_me.INFO: reptile list Link ["http://blog.chedushi.com/page/88"] []
[2019-05-16 03:00:35] reptile_me.INFO: reptile list success ["http://blog.chedushi.com/page/88"] []
[2019-05-16 03:00:35] reptile_me.INFO: reptile list Link ["http://blog.chedushi.com/page/87"] []
[2019-05-16 03:00:36] reptile_me.INFO: reptile list success ["http://blog.chedushi.com/page/87"] []
[2019-05-16 03:00:36] reptile_me.INFO: reptile list Link ["http://blog.chedushi.com/page/86"] []
[2019-05-16 03:00:37] reptile_me.INFO: reptile list success ["http://blog.chedushi.com/page/86"] []
[2019-05-16 03:00:37] reptile_me.INFO: reptile list Link ["http://blog.chedushi.com/page/85"] []
[2019-05-16 03:00:39] reptile_me.INFO: reptile list success ["http://blog.chedushi.com/page/85"] []
[2019-05-16 03:00:39] reptile_me.INFO: reptile list Link ["http://blog.chedushi.com/page/84"] []
[2019-05-16 03:00:40] reptile_me.INFO: reptile list success ["http://blog.chedushi.com/page/84"] []
[2019-05-16 03:00:40] reptile_me.INFO: reptile list Link ["http://blog.chedushi.com/page/83"] []
[2019-05-16 03:00:41] reptile_me.INFO: reptile list success ["http://blog.chedushi.com/page/83"] []
[2019-05-16 03:00:41] reptile_me.INFO: reptile list Link ["http://blog.chedushi.com/page/82"] []
[2019-05-16 03:00:42] reptile_me.INFO: reptile list success ["http://blog.chedushi.com/page/82"] []
[2019-05-16 03:00:42] reptile_me.INFO: reptile list Link ["http://blog.chedushi.com/page/81"] []
[2019-05-16 03:00:43] reptile_me.INFO: reptile list success ["http://blog.chedushi.com/page/81"] []
[2019-05-16 03:00:43] reptile_me.INFO: reptile list Link ["http://blog.chedushi.com/page/80"] []
[2019-05-16 03:00:44] reptile_me.INFO: reptile list success ["http://blog.chedushi.com/page/80"] []
[2019-05-16 03:00:44] reptile_me.INFO: reptile list Link ["http://blog.chedushi.com/page/79"] []
[2019-05-16 03:00:45] reptile_me.INFO: reptile list success ["http://blog.chedushi.com/page/79"] []
[2019-05-16 03:00:45] reptile_me.INFO: reptile list Link ["http://blog.chedushi.com/page/78"] []
[2019-05-16 03:00:45] reptile_me.INFO: reptile list success ["http://blog.chedushi.com/page/78"] []
[2019-05-16 03:00:45] reptile_me.INFO: reptile list Link ["http://blog.chedushi.com/page/77"] []
[2019-05-16 03:00:46] reptile_me.INFO: reptile list success ["http://blog.chedushi.com/page/77"] []
[2019-05-16 03:00:46] reptile_me.INFO: reptile list Link ["http://blog.chedushi.com/page/76"] []
[2019-05-16 03:00:47] reptile_me.INFO: reptile list success ["http://blog.chedushi.com/page/76"] []
[2019-05-16 03:00:47] reptile_me.INFO: reptile list Link ["http://blog.chedushi.com/page/75"] []
[2019-05-16 03:00:49] reptile_me.INFO: reptile list success ["http://blog.chedushi.com/page/75"] []
[2019-05-16 03:00:49] reptile_me.INFO: reptile list Link ["http://blog.chedushi.com/page/74"] []
[2019-05-16 03:00:50] reptile_me.INFO: reptile list success ["http://blog.chedushi.com/page/74"] []
[2019-05-16 03:00:50] reptile_me.INFO: reptile list Link ["http://blog.chedushi.com/page/73"] []
[2019-05-16 03:00:51] reptile_me.INFO: reptile list success ["http://blog.chedushi.com/page/73"] []
[2019-05-16 03:00:51] reptile_me.INFO: reptile list Link ["http://blog.chedushi.com/page/72"] []
[2019-05-16 03:04:35] reptile_me.INFO: reptile list Link ["http://blog.chedushi.com/page/73"] []
[2019-05-16 03:04:36] reptile_me.INFO: reptile list success ["http://blog.chedushi.com/page/73"] []
[2019-05-16 03:04:36] reptile_me.INFO: reptile list Link ["http://blog.chedushi.com/page/72"] []
[2019-05-16 03:05:27] reptile_me.INFO: reptile list Link ["http://blog.chedushi.com/page/73"] []
[2019-05-16 03:05:48] reptile_me.INFO: reptile list Link ["http://blog.chedushi.com/page/73"] []
[2019-05-16 03:05:50] reptile_me.INFO: reptile list success ["http://blog.chedushi.com/page/73"] []
[2019-05-16 03:05:50] reptile_me.INFO: reptile list Link ["http://blog.chedushi.com/page/72"] []
[2019-05-16 03:06:14] reptile_me.INFO: reptile list Link ["http://blog.chedushi.com/page/73"] []
[2019-05-16 03:06:51] reptile_me.INFO: reptile list Link ["http://blog.chedushi.com/page/73"] []
[2019-05-16 03:06:52] reptile_me.INFO: reptile list success ["http://blog.chedushi.com/page/73"] []
[2019-05-16 03:06:52] reptile_me.INFO: reptile list Link ["http://blog.chedushi.com/page/72"] []
[2019-05-16 03:07:13] reptile_me.INFO: reptile list Link ["http://blog.chedushi.com/page/73"] []
[2019-05-16 03:07:31] reptile_me.INFO: reptile list Link ["http://blog.chedushi.com/page/73"] []
[2019-05-16 03:07:32] reptile_me.INFO: reptile list success ["http://blog.chedushi.com/page/73"] []
[2019-05-16 03:07:32] reptile_me.INFO: reptile list Link ["http://blog.chedushi.com/page/72"] []
[2019-05-16 03:07:36] reptile_me.INFO: reptile list Link ["http://blog.chedushi.com/page/73"] []
[2019-05-16 03:07:37] reptile_me.INFO: reptile list success ["http://blog.chedushi.com/page/73"] []
[2019-05-16 03:07:37] reptile_me.INFO: reptile list Link ["http://blog.chedushi.com/page/72"] []
[2019-05-16 03:08:10] reptile_me.INFO: reptile list Link ["http://blog.chedushi.com/page/72"] []
[2019-05-16 03:08:22] reptile_me.INFO: reptile list Link ["http://blog.chedushi.com/page/72"] []
[2019-05-16 03:08:33] reptile_me.INFO: reptile list Link ["http://blog.chedushi.com/page/72"] []
[2019-05-16 03:08:43] reptile_me.INFO: reptile list Link ["http://blog.chedushi.com/page/72"] []
[2019-05-16 03:09:28] reptile_me.INFO: reptile list Link ["http://blog.chedushi.com/page/72"] []
[2019-05-16 03:10:23] reptile_me.INFO: reptile list Link ["http://blog.chedushi.com/page/72"] []
[2019-05-16 03:10:23] reptile_me.ERROR: reptile HTML error ["http://blog.chedushi.com/page/72"] []
[2019-05-16 03:10:53] reptile_me.INFO: reptile list Link ["http://blog.chedushi.com/page/72"] []
[2019-05-16 03:11:07] reptile_me.INFO: reptile list Link ["http://blog.chedushi.com/page/72"] []
[2019-05-16 03:11:08] reptile_me.ERROR: reptile HTML errorhttp://blog.chedushi.com/page/72 ["Client error: `GET http://blog.chedushi.com/page/72` resulted in a `403 Forbidden` response:\n<html>\n    <head>\n        <style>body{background-color:#ababab}</style>\n        <script language=\"javascript\" type=\"text (truncated...)\n"] []
[2019-05-16 03:11:33] reptile_me.INFO: reptile list Link ["http://blog.chedushi.com/page/72"] []
[2019-05-16 03:13:49] reptile_me.INFO: reptile list Link ["http://blog.chedushi.com/page/72"] []
[2019-05-16 03:13:49] reptile_me.ERROR: reptile HTML errorhttp://blog.chedushi.com/page/72 ["Client error: `GET http://blog.chedushi.com/page/72` resulted in a `403 Forbidden` response:\n<html>\n    <head>\n        <style>body{background-color:#ababab}</style>\n        <script language=\"javascript\" type=\"text (truncated...)\n"] []
[2019-05-16 03:13:49] reptile_me.INFO: reptile list Link ["http://blog.chedushi.com/page/71"] []
[2019-05-16 03:13:50] reptile_me.INFO: reptile list success ["http://blog.chedushi.com/page/71"] []
[2019-05-16 03:13:50] reptile_me.INFO: reptile list Link ["http://blog.chedushi.com/page/70"] []
[2019-05-16 03:13:51] reptile_me.INFO: reptile list success ["http://blog.chedushi.com/page/70"] []
[2019-05-16 03:13:51] reptile_me.INFO: reptile list Link ["http://blog.chedushi.com/page/69"] []
[2019-05-16 03:13:52] reptile_me.INFO: reptile list success ["http://blog.chedushi.com/page/69"] []
[2019-05-16 03:13:52] reptile_me.INFO: reptile list Link ["http://blog.chedushi.com/page/68"] []
[2019-05-16 03:13:53] reptile_me.INFO: reptile list success ["http://blog.chedushi.com/page/68"] []
[2019-05-16 03:13:53] reptile_me.INFO: reptile list Link ["http://blog.chedushi.com/page/67"] []
[2019-05-16 03:13:54] reptile_me.INFO: reptile list success ["http://blog.chedushi.com/page/67"] []
[2019-05-16 03:13:54] reptile_me.INFO: reptile list Link ["http://blog.chedushi.com/page/66"] []
[2019-05-16 03:13:54] reptile_me.INFO: reptile list success ["http://blog.chedushi.com/page/66"] []
[2019-05-16 03:13:54] reptile_me.INFO: reptile list Link ["http://blog.chedushi.com/page/65"] []
[2019-05-16 03:13:55] reptile_me.INFO: reptile list success ["http://blog.chedushi.com/page/65"] []
[2019-05-16 03:13:55] reptile_me.INFO: reptile list Link ["http://blog.chedushi.com/page/64"] []
[2019-05-16 03:13:56] reptile_me.INFO: reptile list success ["http://blog.chedushi.com/page/64"] []
[2019-05-16 03:13:56] reptile_me.INFO: reptile list Link ["http://blog.chedushi.com/page/63"] []
[2019-05-16 03:13:57] reptile_me.INFO: reptile list success ["http://blog.chedushi.com/page/63"] []
[2019-05-16 03:13:57] reptile_me.INFO: reptile list Link ["http://blog.chedushi.com/page/62"] []
[2019-05-16 03:13:58] reptile_me.INFO: reptile list success ["http://blog.chedushi.com/page/62"] []
[2019-05-16 03:13:58] reptile_me.INFO: reptile list Link ["http://blog.chedushi.com/page/61"] []
[2019-05-16 03:13:59] reptile_me.INFO: reptile list success ["http://blog.chedushi.com/page/61"] []
[2019-05-16 03:13:59] reptile_me.INFO: reptile list Link ["http://blog.chedushi.com/page/60"] []
[2019-05-16 03:14:00] reptile_me.INFO: reptile list success ["http://blog.chedushi.com/page/60"] []
[2019-05-16 03:14:00] reptile_me.INFO: reptile list Link ["http://blog.chedushi.com/page/59"] []
[2019-05-16 03:14:02] reptile_me.INFO: reptile list success ["http://blog.chedushi.com/page/59"] []
[2019-05-16 03:14:02] reptile_me.INFO: reptile list Link ["http://blog.chedushi.com/page/58"] []
[2019-05-16 03:14:04] reptile_me.INFO: reptile list success ["http://blog.chedushi.com/page/58"] []
[2019-05-16 03:14:04] reptile_me.INFO: reptile list Link ["http://blog.chedushi.com/page/57"] []
[2019-05-16 03:14:05] reptile_me.INFO: reptile list success ["http://blog.chedushi.com/page/57"] []
[2019-05-16 03:14:05] reptile_me.INFO: reptile list Link ["http://blog.chedushi.com/page/56"] []
[2019-05-16 03:14:06] reptile_me.INFO: reptile list success ["http://blog.chedushi.com/page/56"] []
[2019-05-16 03:14:06] reptile_me.INFO: reptile list Link ["http://blog.chedushi.com/page/55"] []
[2019-05-16 03:14:07] reptile_me.INFO: reptile list success ["http://blog.chedushi.com/page/55"] []
[2019-05-16 03:14:07] reptile_me.INFO: reptile list Link ["http://blog.chedushi.com/page/54"] []
[2019-05-16 03:14:08] reptile_me.INFO: reptile list success ["http://blog.chedushi.com/page/54"] []
[2019-05-16 03:14:08] reptile_me.INFO: reptile list Link ["http://blog.chedushi.com/page/53"] []
[2019-05-16 03:14:09] reptile_me.INFO: reptile list success ["http://blog.chedushi.com/page/53"] []
[2019-05-16 03:14:09] reptile_me.INFO: reptile list Link ["http://blog.chedushi.com/page/52"] []
[2019-05-16 03:14:10] reptile_me.INFO: reptile list success ["http://blog.chedushi.com/page/52"] []
[2019-05-16 03:14:10] reptile_me.INFO: reptile list Link ["http://blog.chedushi.com/page/51"] []
[2019-05-16 03:14:11] reptile_me.INFO: reptile list success ["http://blog.chedushi.com/page/51"] []
[2019-05-16 03:14:11] reptile_me.INFO: reptile list Link ["http://blog.chedushi.com/page/50"] []
[2019-05-16 03:14:12] reptile_me.INFO: reptile list success ["http://blog.chedushi.com/page/50"] []
[2019-05-16 03:14:12] reptile_me.INFO: reptile list Link ["http://blog.chedushi.com/page/49"] []
[2019-05-16 03:14:13] reptile_me.INFO: reptile list success ["http://blog.chedushi.com/page/49"] []
[2019-05-16 03:14:13] reptile_me.INFO: reptile list Link ["http://blog.chedushi.com/page/48"] []
[2019-05-16 03:14:14] reptile_me.INFO: reptile list success ["http://blog.chedushi.com/page/48"] []
[2019-05-16 03:14:14] reptile_me.INFO: reptile list Link ["http://blog.chedushi.com/page/47"] []
[2019-05-16 03:14:15] reptile_me.INFO: reptile list success ["http://blog.chedushi.com/page/47"] []
[2019-05-16 03:14:15] reptile_me.INFO: reptile list Link ["http://blog.chedushi.com/page/46"] []
[2019-05-16 03:14:16] reptile_me.INFO: reptile list success ["http://blog.chedushi.com/page/46"] []
[2019-05-16 03:14:16] reptile_me.INFO: reptile list Link ["http://blog.chedushi.com/page/45"] []
[2019-05-16 03:14:17] reptile_me.INFO: reptile list success ["http://blog.chedushi.com/page/45"] []
[2019-05-16 03:14:17] reptile_me.INFO: reptile list Link ["http://blog.chedushi.com/page/44"] []
[2019-05-16 03:14:18] reptile_me.INFO: reptile list success ["http://blog.chedushi.com/page/44"] []
[2019-05-16 03:14:18] reptile_me.INFO: reptile list Link ["http://blog.chedushi.com/page/43"] []
[2019-05-16 03:14:19] reptile_me.INFO: reptile list success ["http://blog.chedushi.com/page/43"] []
[2019-05-16 03:14:19] reptile_me.INFO: reptile list Link ["http://blog.chedushi.com/page/42"] []
[2019-05-16 03:14:20] reptile_me.INFO: reptile list success ["http://blog.chedushi.com/page/42"] []
[2019-05-16 03:14:20] reptile_me.INFO: reptile list Link ["http://blog.chedushi.com/page/41"] []
[2019-05-16 03:14:21] reptile_me.INFO: reptile list success ["http://blog.chedushi.com/page/41"] []
[2019-05-16 03:14:21] reptile_me.INFO: reptile list Link ["http://blog.chedushi.com/page/40"] []
[2019-05-16 03:14:22] reptile_me.INFO: reptile list success ["http://blog.chedushi.com/page/40"] []
[2019-05-16 03:14:22] reptile_me.INFO: reptile list Link ["http://blog.chedushi.com/page/39"] []
[2019-05-16 03:14:23] reptile_me.INFO: reptile list success ["http://blog.chedushi.com/page/39"] []
[2019-05-16 03:14:23] reptile_me.INFO: reptile list Link ["http://blog.chedushi.com/page/38"] []
[2019-05-16 03:14:24] reptile_me.INFO: reptile list success ["http://blog.chedushi.com/page/38"] []
[2019-05-16 03:14:24] reptile_me.INFO: reptile list Link ["http://blog.chedushi.com/page/37"] []
[2019-05-16 03:14:24] reptile_me.INFO: reptile list success ["http://blog.chedushi.com/page/37"] []
[2019-05-16 03:14:24] reptile_me.INFO: reptile list Link ["http://blog.chedushi.com/page/36"] []
[2019-05-16 03:14:26] reptile_me.INFO: reptile list success ["http://blog.chedushi.com/page/36"] []
[2019-05-16 03:14:26] reptile_me.INFO: reptile list Link ["http://blog.chedushi.com/page/35"] []
[2019-05-16 03:14:27] reptile_me.INFO: reptile list success ["http://blog.chedushi.com/page/35"] []
[2019-05-16 03:14:27] reptile_me.INFO: reptile list Link ["http://blog.chedushi.com/page/34"] []
[2019-05-16 03:14:28] reptile_me.INFO: reptile list success ["http://blog.chedushi.com/page/34"] []
[2019-05-16 03:14:28] reptile_me.INFO: reptile list Link ["http://blog.chedushi.com/page/33"] []
[2019-05-16 03:14:29] reptile_me.INFO: reptile list success ["http://blog.chedushi.com/page/33"] []
[2019-05-16 03:14:29] reptile_me.INFO: reptile list Link ["http://blog.chedushi.com/page/32"] []
[2019-05-16 03:14:30] reptile_me.INFO: reptile list success ["http://blog.chedushi.com/page/32"] []
[2019-05-16 03:14:30] reptile_me.INFO: reptile list Link ["http://blog.chedushi.com/page/31"] []
[2019-05-16 03:14:32] reptile_me.INFO: reptile list success ["http://blog.chedushi.com/page/31"] []
[2019-05-16 03:14:32] reptile_me.INFO: reptile list Link ["http://blog.chedushi.com/page/30"] []
[2019-05-16 03:14:33] reptile_me.INFO: reptile list success ["http://blog.chedushi.com/page/30"] []
[2019-05-16 03:14:33] reptile_me.INFO: reptile list Link ["http://blog.chedushi.com/page/29"] []
[2019-05-16 03:14:34] reptile_me.INFO: reptile list success ["http://blog.chedushi.com/page/29"] []
[2019-05-16 03:14:34] reptile_me.INFO: reptile list Link ["http://blog.chedushi.com/page/28"] []
[2019-05-16 03:14:35] reptile_me.INFO: reptile list success ["http://blog.chedushi.com/page/28"] []
[2019-05-16 03:14:35] reptile_me.INFO: reptile list Link ["http://blog.chedushi.com/page/27"] []
[2019-05-16 03:14:36] reptile_me.INFO: reptile list success ["http://blog.chedushi.com/page/27"] []
[2019-05-16 03:14:36] reptile_me.INFO: reptile list Link ["http://blog.chedushi.com/page/26"] []
[2019-05-16 03:14:37] reptile_me.INFO: reptile list success ["http://blog.chedushi.com/page/26"] []
[2019-05-16 03:14:37] reptile_me.INFO: reptile list Link ["http://blog.chedushi.com/page/25"] []
[2019-05-16 03:14:38] reptile_me.INFO: reptile list success ["http://blog.chedushi.com/page/25"] []
[2019-05-16 03:14:38] reptile_me.INFO: reptile list Link ["http://blog.chedushi.com/page/24"] []
[2019-05-16 03:14:40] reptile_me.INFO: reptile list success ["http://blog.chedushi.com/page/24"] []
[2019-05-16 03:14:40] reptile_me.INFO: reptile list Link ["http://blog.chedushi.com/page/23"] []
[2019-05-16 03:14:41] reptile_me.INFO: reptile list success ["http://blog.chedushi.com/page/23"] []
[2019-05-16 03:14:41] reptile_me.INFO: reptile list Link ["http://blog.chedushi.com/page/22"] []
[2019-05-16 03:14:42] reptile_me.INFO: reptile list success ["http://blog.chedushi.com/page/22"] []
[2019-05-16 03:14:42] reptile_me.INFO: reptile list Link ["http://blog.chedushi.com/page/21"] []
[2019-05-16 03:14:43] reptile_me.INFO: reptile list success ["http://blog.chedushi.com/page/21"] []
[2019-05-16 03:14:43] reptile_me.INFO: reptile list Link ["http://blog.chedushi.com/page/20"] []
[2019-05-16 03:14:44] reptile_me.INFO: reptile list success ["http://blog.chedushi.com/page/20"] []
[2019-05-16 03:14:44] reptile_me.INFO: reptile list Link ["http://blog.chedushi.com/page/19"] []
[2019-05-16 03:14:45] reptile_me.INFO: reptile list success ["http://blog.chedushi.com/page/19"] []
[2019-05-16 03:14:45] reptile_me.INFO: reptile list Link ["http://blog.chedushi.com/page/18"] []
[2019-05-16 03:14:47] reptile_me.INFO: reptile list success ["http://blog.chedushi.com/page/18"] []
[2019-05-16 03:14:47] reptile_me.INFO: reptile list Link ["http://blog.chedushi.com/page/17"] []
[2019-05-16 03:14:48] reptile_me.INFO: reptile list success ["http://blog.chedushi.com/page/17"] []
[2019-05-16 03:14:48] reptile_me.INFO: reptile list Link ["http://blog.chedushi.com/page/16"] []
[2019-05-16 03:14:49] reptile_me.INFO: reptile list success ["http://blog.chedushi.com/page/16"] []
[2019-05-16 03:14:49] reptile_me.INFO: reptile list Link ["http://blog.chedushi.com/page/15"] []
[2019-05-16 03:14:50] reptile_me.INFO: reptile list success ["http://blog.chedushi.com/page/15"] []
[2019-05-16 03:14:50] reptile_me.INFO: reptile list Link ["http://blog.chedushi.com/page/14"] []
[2019-05-16 03:14:51] reptile_me.INFO: reptile list success ["http://blog.chedushi.com/page/14"] []
[2019-05-16 03:14:51] reptile_me.INFO: reptile list Link ["http://blog.chedushi.com/page/13"] []
[2019-05-16 03:14:52] reptile_me.INFO: reptile list success ["http://blog.chedushi.com/page/13"] []
[2019-05-16 03:14:52] reptile_me.INFO: reptile list Link ["http://blog.chedushi.com/page/12"] []
[2019-05-16 03:14:53] reptile_me.INFO: reptile list success ["http://blog.chedushi.com/page/12"] []
[2019-05-16 03:14:53] reptile_me.INFO: reptile list Link ["http://blog.chedushi.com/page/11"] []
[2019-05-16 03:14:54] reptile_me.INFO: reptile list success ["http://blog.chedushi.com/page/11"] []
[2019-05-16 03:14:54] reptile_me.INFO: reptile list Link ["http://blog.chedushi.com/page/10"] []
[2019-05-16 03:14:55] reptile_me.INFO: reptile list success ["http://blog.chedushi.com/page/10"] []
[2019-05-16 03:14:55] reptile_me.INFO: reptile list Link ["http://blog.chedushi.com/page/9"] []
[2019-05-16 03:14:56] reptile_me.INFO: reptile list success ["http://blog.chedushi.com/page/9"] []
[2019-05-16 03:14:56] reptile_me.INFO: reptile list Link ["http://blog.chedushi.com/page/8"] []
[2019-05-16 03:14:58] reptile_me.INFO: reptile list success ["http://blog.chedushi.com/page/8"] []
[2019-05-16 03:14:58] reptile_me.INFO: reptile list Link ["http://blog.chedushi.com/page/7"] []
[2019-05-16 03:14:59] reptile_me.INFO: reptile list success ["http://blog.chedushi.com/page/7"] []
[2019-05-16 03:14:59] reptile_me.INFO: reptile list Link ["http://blog.chedushi.com/page/6"] []
[2019-05-16 03:15:01] reptile_me.INFO: reptile list success ["http://blog.chedushi.com/page/6"] []
[2019-05-16 03:15:01] reptile_me.INFO: reptile list Link ["http://blog.chedushi.com/page/5"] []
[2019-05-16 03:15:02] reptile_me.INFO: reptile list success ["http://blog.chedushi.com/page/5"] []
[2019-05-16 03:15:02] reptile_me.INFO: reptile list Link ["http://blog.chedushi.com/page/4"] []
[2019-05-16 03:15:03] reptile_me.INFO: reptile list success ["http://blog.chedushi.com/page/4"] []
[2019-05-16 03:15:03] reptile_me.INFO: reptile list Link ["http://blog.chedushi.com/page/3"] []
[2019-05-16 03:15:05] reptile_me.INFO: reptile list success ["http://blog.chedushi.com/page/3"] []
[2019-05-16 03:15:05] reptile_me.INFO: reptile list Link ["http://blog.chedushi.com/page/2"] []
[2019-05-16 03:15:06] reptile_me.INFO: reptile list success ["http://blog.chedushi.com/page/2"] []
[2019-05-16 03:15:06] reptile_me.INFO: reptile list Link ["http://blog.chedushi.com/page/1"] []
[2019-05-16 03:15:07] reptile_me.INFO: reptile list success ["http://blog.chedushi.com/page/1"] []
[2019-05-16 03:15:07] reptile_me.INFO: reptile list All success [] []
[2019-05-16 03:41:17] reptile_me.ERROR: reptile link error,web is empty ["http://blog.chedushi.com/archives/5"] []
[2019-05-16 03:41:17] reptile_me.ERROR: reptile link error,web is empty ["http://blog.chedushi.com/archives/68"] []
[2019-05-16 03:41:50] reptile_me.ERROR: reptile link error,web is empty ["http://blog.chedushi.com/archives/60"] []
[2019-05-16 03:41:50] reptile_me.ERROR: reptile link error,web is empty ["http://blog.chedushi.com/archives/57"] []
